<?xml version="1.0" encoding="UTF-8"?>
<testng-results skipped="0" failed="0" total="1" passed="1">
  <reporter-output>
  </reporter-output>
  <suite name="Amazon e-commerce" duration-ms="242236" started-at="2016-01-03T07:55:53Z" finished-at="2016-01-03T07:59:55Z">
    <groups>
    </groups>
    <test name="Amazon Search" duration-ms="242236" started-at="2016-01-03T07:55:53Z" finished-at="2016-01-03T07:59:55Z">
      <class name="SearchItems.HomeSearch">
        <test-method status="PASS" signature="setUp(java.lang.Boolean, java.lang.String, java.lang.String, java.lang.String, java.lang.String, java.lang.String, java.lang.String)[pri:0, instance:SearchItems.HomeSearch@6537cf78]" name="setUp" is-config="true" duration-ms="13542" started-at="2016-01-03T02:55:53Z" finished-at="2016-01-03T02:56:07Z">
          <params>
            <param index="0">
              <value>
                <![CDATA[false]]>
              </value>
            </param>
            <param index="1">
              <value>
                <![CDATA[PratikRay]]>
              </value>
            </param>
            <param index="2">
              <value>
                <![CDATA[392cb1fd-e82d-4eb7-a667-4fc00fa5d7b2]]>
              </value>
            </param>
            <param index="3">
              <value>
                <![CDATA[Windows 10]]>
              </value>
            </param>
            <param index="4">
              <value>
                <![CDATA[firefox]]>
              </value>
            </param>
            <param index="5">
              <value>
                <![CDATA[43.0]]>
              </value>
            </param>
            <param index="6">
              <value>
                <![CDATA[http://www.amazon.com]]>
              </value>
            </param>
          </params>
          <reporter-output>
          </reporter-output>
        </test-method> <!-- setUp -->
        <test-method status="PASS" signature="test1()[pri:0, instance:SearchItems.HomeSearch@6537cf78]" name="test1" duration-ms="226052" started-at="2016-01-03T02:56:07Z" finished-at="2016-01-03T02:59:53Z">
          <reporter-output>
          </reporter-output>
        </test-method> <!-- test1 -->
        <test-method status="PASS" signature="cleanUp()[pri:0, instance:SearchItems.HomeSearch@6537cf78]" name="cleanUp" is-config="true" duration-ms="2628" started-at="2016-01-03T02:59:53Z" finished-at="2016-01-03T02:59:55Z">
          <reporter-output>
          </reporter-output>
        </test-method> <!-- cleanUp -->
      </class> <!-- SearchItems.HomeSearch -->
    </test> <!-- Amazon Search -->
  </suite> <!-- Amazon e-commerce -->
</testng-results>
